Removed Pin From Net: NetName=VCC_5V Pin=*3-1
Removed Pin From Net: NetName=VCC_3V3 Pin=*3-2
Removed Pin From Net: NetName=GND_D Pin=*3-3
Removed Pin From Net: NetName=S_PD2 Pin=*3-4
Removed Pin From Net: NetName=E_IO39 Pin=*3-5
Removed Pin From Net: NetName=E_IO34 Pin=*3-6
Removed Pin From Net: NetName=E_IO35 Pin=*3-7
Removed Pin From Net: NetName=E_IO25 Pin=*3-8
Removed Member From Class: ClassName=VET6_Coreboard Member=*3
Added Component: Designator=*(HDR2.54-LI-16P)
Added Component: Designator=?(HDR2.54-LI-20P)
Added Pin To Net: NetName=VCC_5V Pin=*-1
Added Pin To Net: NetName=VCC_3V3 Pin=*-2
Added Pin To Net: NetName=GND_D Pin=*-3
Added Pin To Net: NetName=S_PB5 Pin=*-4
Added Pin To Net: NetName=S_PB6 Pin=*-4
Added Pin To Net: NetName=S_PB9 Pin=*-4
Added Pin To Net: NetName=S_PD3 Pin=*-4
Added Pin To Net: NetName=S_PD4 Pin=*-4
Added Pin To Net: NetName=S_PD5 Pin=*-4
Added Pin To Net: NetName=S_PD6 Pin=*-4
Added Pin To Net: NetName=S_PD7 Pin=*-4
Added Pin To Net: NetName=S_PE3 Pin=*-4
Added Pin To Net: NetName=S_PE2 Pin=*-5
Added Pin To Net: NetName=S_PE0 Pin=*-6
Added Pin To Net: NetName=S_PE1 Pin=*-7
Added Pin To Net: NetName=S_PB8 Pin=*-8
Added Pin To Net: NetName=S_PB10 Pin=4-4
Added Pin To Net: NetName=S_PB11 Pin=4-4
Added Pin To Net: NetName=S_PC5 Pin=4-4
Added Pin To Net: NetName=S_PE10 Pin=4-4
Added Pin To Net: NetName=S_PE11 Pin=4-4
Added Pin To Net: NetName=S_PE12 Pin=4-4
Added Pin To Net: NetName=S_PE13 Pin=4-4
Added Pin To Net: NetName=S_PE15 Pin=4-4
Added Pin To Net: NetName=VCC_5V Pin=?-1
Added Pin To Net: NetName=VCC_3V3 Pin=?-2
Added Pin To Net: NetName=GND_D Pin=?-3
Added Pin To Net: NetName=E_IO39 Pin=?-5
Added Pin To Net: NetName=E_IO34 Pin=?-6
Added Pin To Net: NetName=E_IO35 Pin=?-7
Added Pin To Net: NetName=E_IO25 Pin=?-8
Added Pin To Net: NetName=E_IO26 Pin=?-9
Added Pin To Net: NetName=E_IO27 Pin=?-10
Added Pin To Net: NetName=S_PD15 Pin=?-11
Added Pin To Net: NetName=S_PC6 Pin=?-12
Added Pin To Net: NetName=S_PC7 Pin=?-13
Added Pin To Net: NetName=S_PC8 Pin=?-14
Added Pin To Net: NetName=S_PC9 Pin=?-15
Added Pin To Net: NetName=S_PA8 Pin=?-16
Added Pin To Net: NetName=S_PA11 Pin=?-17
Added Pin To Net: NetName=S_PA12 Pin=?-18
Added Pin To Net: NetName=S_PC12 Pin=?-19
Added Pin To Net: NetName=S_PD2 Pin=?-20
Added Member To Class: ClassName=VET6_Coreboard Member=Component * ≈≈’Î1*16
Added Member To Class: ClassName=VET6_Coreboard Member=Component 1 OLED-12880
Added Member To Class: ClassName=VET6_Coreboard Member=Component ? 2.54-1*20P÷±’Î
Added Room: Name=VET6_Coreboard
