Added Component: Designator=R?(R 0805)
Added Component: Designator=R?(R 0805)
Added Component: Designator=R?(R 0805)
Added Component: Designator=R?(R 0805)
Added Component: Designator=R?(R 0805)
Added Pin To Net: NetName=GND_D Pin=R?-1
Added Pin To Net: NetName=GND_D Pin=R?-1
Added Pin To Net: NetName=GND_D Pin=R?-1
Added Pin To Net: NetName=SWDIO Pin=R?-1
Added Pin To Net: NetName=VCC_3V3 Pin=R?-1
Added Pin To Net: NetName=Net*1_1 Pin=R?-2
Added Pin To Net: NetName=RESET Pin=R?-2
Added Pin To Net: NetName=SWCLK Pin=R?-2
Added Pin To Net: NetName=NetR?_2 Pin=R?-2
Added Pin To Net: NetName=NetR?_2 Pin=U1-37
Added Net: Name=NetR?_2
Added Member To Class: ClassName=VET6_Coreboard Member=Component R? 10K
Added Member To Class: ClassName=VET6_Coreboard Member=Component R? 10K
Added Member To Class: ClassName=VET6_Coreboard Member=Component R? 10K
Added Member To Class: ClassName=VET6_Coreboard Member=Component R? 10K
Added Member To Class: ClassName=VET6_Coreboard Member=Component R? 10K
