Removed Pin From Net: NetName=VCC_5V Pin=4-1
Removed Pin From Net: NetName=VCC_3V3 Pin=4-2
Removed Pin From Net: NetName=GND_D Pin=4-3
Removed Pin From Net: NetName=S_PE15 Pin=4-4
Removed Pin From Net: NetName=S_PC4 Pin=4-5
Removed Pin From Net: NetName=S_PB0 Pin=4-6
Removed Pin From Net: NetName=S_PE8 Pin=4-7
Removed Pin From Net: NetName=S_PE9 Pin=4-8
Removed Member From Class: ClassName=VET6_Coreboard Member=4
Change Component Footprint: Designator=* Old Footprint=HDR2.54-LI-16P New Footprint=HDR2.54-M-LI-16P
Change Component Comment : Designator=* Old Comment=1*16 New Comment=ĸ1*16
Added Component: Designator=*(HDR2.54-M-LI-16P)
Added Pin To Net: NetName=VCC_5V Pin=*-1
Added Pin To Net: NetName=VCC_3V3 Pin=*-2
Added Pin To Net: NetName=GND_D Pin=*-3
Added Pin To Net: NetName=S_PC5 Pin=*-4
Added Pin To Net: NetName=S_PC4 Pin=*-5
Added Pin To Net: NetName=S_PB0 Pin=*-6
Added Pin To Net: NetName=S_PE8 Pin=*-7
Added Pin To Net: NetName=S_PE9 Pin=*-8
Added Pin To Net: NetName=S_PB9 Pin=*-9
Added Pin To Net: NetName=S_PE10 Pin=*-9
Added Pin To Net: NetName=S_PB6 Pin=*-10
Added Pin To Net: NetName=S_PE11 Pin=*-10
Added Pin To Net: NetName=S_PB5 Pin=*-11
Added Pin To Net: NetName=S_PE12 Pin=*-11
Added Pin To Net: NetName=S_PD7 Pin=*-12
Added Pin To Net: NetName=S_PE13 Pin=*-12
Added Pin To Net: NetName=S_PD6 Pin=*-13
Added Pin To Net: NetName=S_PE14 Pin=*-13
Added Pin To Net: NetName=S_PD5 Pin=*-14
Added Pin To Net: NetName=S_PE15 Pin=*-14
Added Pin To Net: NetName=S_PB10 Pin=*-15
Added Pin To Net: NetName=S_PD4 Pin=*-15
Added Pin To Net: NetName=S_PB11 Pin=*-16
Added Pin To Net: NetName=S_PD3 Pin=*-16
Added Member To Class: ClassName=VET6_Coreboard Member=Component * ĸ1*16
Added Member To Class: ClassName=VET6_Coreboard Member=Component 1 OLED-12880
Added Room: Name=VET6_Coreboard
