Removed Pin From Net: NetName=GND_D Pin=C8-2
Removed Pin From Net: NetName=GND_D Pin=U1-19
Removed Pin From Net: NetName=GND_D Pin=U1-20
Added Component: Designator=*(HDR2.54-M-LI-4P)
Added Component: Designator=?(HDR2.54-LI-4P)
Added Component: Designator=U?(SOP-8_L4.9-W3.9-P1.27-LS6.0-BL)
Added Pin To Net: NetName=GND_D Pin=*-1
Added Pin To Net: NetName=VCC_3V3 Pin=?-1
Added Pin To Net: NetName=SWDIO Pin=?-2
Added Pin To Net: NetName=GND_D Pin=?-4
Added Pin To Net: NetName=3V3 Pin=*-4
Added Net: Name=3V3
Added Pin To Net: NetName=GND_A Pin=C8-2
Added Pin To Net: NetName=GND_A Pin=U1-19
Added Pin To Net: NetName=GND_A Pin=U1-20
Added Net: Name=GND_A
Added Pin To Net: NetName=SCREEN1_SCL Pin=*-2
Added Net: Name=SCREEN1_SCL
Added Pin To Net: NetName=SCREEN1_SDA Pin=*-3
Added Net: Name=SCREEN1_SDA
Added Pin To Net: NetName=SWCLK Pin=?-3
Added Net: Name=SWCLK
Added Member To Class: ClassName=VET6_Coreboard Member=Component * IICœ‘ æ∆¡
Added Member To Class: ClassName=VET6_Coreboard Member=Component ? SWD
Added Member To Class: ClassName=VET6_Coreboard Member=Component U? CH340N
Added Member To Class: ClassName=VET6_Coreboard Member=Component U? ESP32-WROOM-32D
Added Room: Name=VET6_Coreboard
