Added Component: Designator=*1(HDR2.54-LI-4P)
Added Component: Designator=*2(HDR2.54-M-LI-4P)
Added Component: Designator=C1(C 0805)
Added Component: Designator=C2(C 0805)
Added Component: Designator=C3(C 0805)
Added Component: Designator=C4(C 0805)
Added Component: Designator=C5(C 0805)
Added Component: Designator=C6(C 0805)
Added Component: Designator=C7(C 0805)
Added Component: Designator=C8(C 0805)
Added Component: Designator=C9(C 0805)
Added Component: Designator=C10(C 0805)
Added Component: Designator=C11(C 0805)
Added Component: Designator=K1(KEY 3.6*2.5 SMD)
Added Component: Designator=U1(TQFP100N50P14X14X1.2)
Added Component: Designator=U2(SOIC-8_L5.3-W5.3-P1.27-LS8.0-BL)
Added Component: Designator=U3(WIFIM-SMD_ESP32-WROOM-32D)
Added Component: Designator=U4(USB-SMD_TYPE-C16PIN)
Added Component: Designator=U5(SOP-8_L4.9-W3.9-P1.27-LS6.0-BL)
Added Pin To Net: NetName=Net*1_1 Pin=*1-1
Added Pin To Net: NetName=SWDIO Pin=*1-2
Added Pin To Net: NetName=SWCLK Pin=*1-3
Added Pin To Net: NetName=GND_D Pin=*1-4
Added Pin To Net: NetName=GND_D Pin=*2-1
Added Pin To Net: NetName=SCREEN1_SCL Pin=*2-2
Added Pin To Net: NetName=SCREEN1_SDA Pin=*2-3
Added Pin To Net: NetName=SWDIO Pin=*2-4
Added Pin To Net: NetName=VCC_3V3 Pin=C1-1
Added Pin To Net: NetName=GND_D Pin=C1-2
Added Pin To Net: NetName=GND_D Pin=C2-1
Added Pin To Net: NetName=VCC_3V3 Pin=C2-2
Added Pin To Net: NetName=NetC3_1 Pin=C3-1
Added Pin To Net: NetName=GND_D Pin=C3-2
Added Pin To Net: NetName=NetC4_1 Pin=C4-1
Added Pin To Net: NetName=GND_D Pin=C4-2
Added Pin To Net: NetName=GND_D Pin=C5-1
Added Pin To Net: NetName=VCC_3V3 Pin=C5-2
Added Pin To Net: NetName=GND_D Pin=C6-1
Added Pin To Net: NetName=NetC6_2 Pin=C6-2
Added Pin To Net: NetName=NetC7_1 Pin=C7-1
Added Pin To Net: NetName=GND_D Pin=C7-2
Added Pin To Net: NetName=ANL_REF Pin=C8-1
Added Pin To Net: NetName=GND_A Pin=C8-2
Added Pin To Net: NetName=RESET Pin=C9-1
Added Pin To Net: NetName=GND_D Pin=C9-2
Added Pin To Net: NetName=NetC10_1 Pin=C10-1
Added Pin To Net: NetName=GND_D Pin=C10-2
Added Pin To Net: NetName=VCC_3V3 Pin=C11-1
Added Pin To Net: NetName=GND_D Pin=C11-2
Added Pin To Net: NetName=GND_D Pin=K1-1
Added Pin To Net: NetName=RESET Pin=K1-2
Added Pin To Net: NetName=NetC3_1 Pin=U1-8
Added Pin To Net: NetName=NetC4_1 Pin=U1-9
Added Pin To Net: NetName=GND_D Pin=U1-10
Added Pin To Net: NetName=VCC_3V3 Pin=U1-11
Added Pin To Net: NetName=NetC6_2 Pin=U1-12
Added Pin To Net: NetName=NetC7_1 Pin=U1-13
Added Pin To Net: NetName=RESET Pin=U1-14
Added Pin To Net: NetName=GND_A Pin=U1-19
Added Pin To Net: NetName=GND_A Pin=U1-20
Added Pin To Net: NetName=ANL_REF Pin=U1-21
Added Pin To Net: NetName=ANL_REF Pin=U1-22
Added Pin To Net: NetName=GND_D Pin=U1-27
Added Pin To Net: NetName=NetC10_1 Pin=U1-28
Added Pin To Net: NetName=GND_D Pin=U1-49
Added Pin To Net: NetName=VCC_3V3 Pin=U1-50
Added Pin To Net: NetName=CAN_RX Pin=U1-70
Added Pin To Net: NetName=CAN_TX Pin=U1-71
Added Pin To Net: NetName=SWDIO Pin=U1-72
Added Pin To Net: NetName=GND_D Pin=U1-74
Added Pin To Net: NetName=VCC_3V3 Pin=U1-75
Added Pin To Net: NetName=SWCLK Pin=U1-76
Added Pin To Net: NetName=USART4_TX Pin=U1-78
Added Pin To Net: NetName=USART4_RX Pin=U1-79
Added Pin To Net: NetName=NetR1_1 Pin=U1-94
Added Pin To Net: NetName=GND_D Pin=U1-99
Added Pin To Net: NetName=VCC_3V3 Pin=U1-100
Added Pin To Net: NetName=NetR3_1 Pin=U1-37
Added Net: Name=NetR3_1
Added Member To Class: ClassName=VET6_Coreboard Member=Component *1 SWD
Added Member To Class: ClassName=VET6_Coreboard Member=Component *2 IIC显示屏
Added Member To Class: ClassName=VET6_Coreboard Member=Component C1 104
Added Member To Class: ClassName=VET6_Coreboard Member=Component C2 104
Added Member To Class: ClassName=VET6_Coreboard Member=Component C3 22pf
Added Member To Class: ClassName=VET6_Coreboard Member=Component C4 22pf
Added Member To Class: ClassName=VET6_Coreboard Member=Component C5 104
Added Member To Class: ClassName=VET6_Coreboard Member=Component C6 22pf
Added Member To Class: ClassName=VET6_Coreboard Member=Component C7 22pf
Added Member To Class: ClassName=VET6_Coreboard Member=Component C8 104
Added Member To Class: ClassName=VET6_Coreboard Member=Component C9 104
Added Member To Class: ClassName=VET6_Coreboard Member=Component C10 104
Added Member To Class: ClassName=VET6_Coreboard Member=Component C11 104
Added Member To Class: ClassName=VET6_Coreboard Member=Component K1 Key
Added Member To Class: ClassName=VET6_Coreboard Member=Component U1 STM32F103VET6
Added Member To Class: ClassName=VET6_Coreboard Member=Component U2 W25Q64FWSSIG
Added Member To Class: ClassName=VET6_Coreboard Member=Component U3 ESP32-WROOM-32D
Added Member To Class: ClassName=VET6_Coreboard Member=Component U4 TYPE-C16PIN母座 板上四脚三次molding
Added Member To Class: ClassName=VET6_Coreboard Member=Component U5 CH340N
Added Room: Name=VET6_Coreboard
