Added Component: Designator=C1(C 0805)
Added Component: Designator=C2(C 0805)
Added Component: Designator=C3(C 0805)
Added Component: Designator=C4(C 0805)
Added Component: Designator=C5(C 0805)
Added Component: Designator=C6(C 0805)
Added Component: Designator=C7(C 0805)
Added Component: Designator=C8(C 0805)
Added Component: Designator=C9(C 0805)
Added Component: Designator=C10(C 0805)
Added Component: Designator=C11(C 0805)
Added Component: Designator=K1(KEY 3.6*2.5 SMD)
Added Component: Designator=L1(L 0805)
Added Component: Designator=R1(R 0805)
Added Component: Designator=R2(R 0805)
Added Component: Designator=R3(R 0805)
Added Component: Designator=U1(TQFP100N50P14X14X1.2)
Added Component: Designator=Y1(XTAL-5032)
Added Component: Designator=Y2(XTAL-5032)
Added Pin To Net: NetName=ANL_REF Pin=C8-1
Added Pin To Net: NetName=ANL_REF Pin=L1-2
Added Pin To Net: NetName=ANL_REF Pin=U1-21
Added Pin To Net: NetName=ANL_REF Pin=U1-22
Added Net: Name=ANL_REF
Added Pin To Net: NetName=CAN_RX Pin=U1-70
Added Net: Name=CAN_RX
Added Pin To Net: NetName=CAN_TX Pin=U1-71
Added Net: Name=CAN_TX
Added Pin To Net: NetName=GND_D Pin=C1-2
Added Pin To Net: NetName=GND_D Pin=C2-1
Added Pin To Net: NetName=GND_D Pin=C3-2
Added Pin To Net: NetName=GND_D Pin=C4-2
Added Pin To Net: NetName=GND_D Pin=C5-1
Added Pin To Net: NetName=GND_D Pin=C6-1
Added Pin To Net: NetName=GND_D Pin=C7-2
Added Pin To Net: NetName=GND_D Pin=C8-2
Added Pin To Net: NetName=GND_D Pin=C9-2
Added Pin To Net: NetName=GND_D Pin=C10-2
Added Pin To Net: NetName=GND_D Pin=C11-2
Added Pin To Net: NetName=GND_D Pin=K1-1
Added Pin To Net: NetName=GND_D Pin=R1-2
Added Pin To Net: NetName=GND_D Pin=R3-2
Added Pin To Net: NetName=GND_D Pin=U1-10
Added Pin To Net: NetName=GND_D Pin=U1-19
Added Pin To Net: NetName=GND_D Pin=U1-20
Added Pin To Net: NetName=GND_D Pin=U1-27
Added Pin To Net: NetName=GND_D Pin=U1-49
Added Pin To Net: NetName=GND_D Pin=U1-74
Added Pin To Net: NetName=GND_D Pin=U1-99
Added Net: Name=GND_D
Added Pin To Net: NetName=KEY1 Pin=U1-3
Added Net: Name=KEY1
Added Pin To Net: NetName=KEY2 Pin=U1-2
Added Net: Name=KEY2
Added Pin To Net: NetName=KEY3 Pin=U1-1
Added Net: Name=KEY3
Added Pin To Net: NetName=LED1 Pin=U1-53
Added Net: Name=LED1
Added Pin To Net: NetName=LED2 Pin=U1-51
Added Net: Name=LED2
Added Pin To Net: NetName=LED3 Pin=U1-56
Added Net: Name=LED3
Added Pin To Net: NetName=NetC3_1 Pin=C3-1
Added Pin To Net: NetName=NetC3_1 Pin=U1-8
Added Pin To Net: NetName=NetC3_1 Pin=Y1-2
Added Net: Name=NetC3_1
Added Pin To Net: NetName=NetC4_1 Pin=C4-1
Added Pin To Net: NetName=NetC4_1 Pin=U1-9
Added Pin To Net: NetName=NetC4_1 Pin=Y1-1
Added Net: Name=NetC4_1
Added Pin To Net: NetName=NetC6_2 Pin=C6-2
Added Pin To Net: NetName=NetC6_2 Pin=U1-12
Added Pin To Net: NetName=NetC6_2 Pin=Y2-2
Added Net: Name=NetC6_2
Added Pin To Net: NetName=NetC7_1 Pin=C7-1
Added Pin To Net: NetName=NetC7_1 Pin=U1-13
Added Pin To Net: NetName=NetC7_1 Pin=Y2-1
Added Net: Name=NetC7_1
Added Pin To Net: NetName=NetC10_1 Pin=C10-1
Added Pin To Net: NetName=NetC10_1 Pin=U1-28
Added Net: Name=NetC10_1
Added Pin To Net: NetName=NetR1_1 Pin=R1-1
Added Pin To Net: NetName=NetR1_1 Pin=U1-94
Added Net: Name=NetR1_1
Added Pin To Net: NetName=NetR3_1 Pin=R3-1
Added Pin To Net: NetName=NetR3_1 Pin=U1-37
Added Net: Name=NetR3_1
Added Pin To Net: NetName=RESET Pin=C9-1
Added Pin To Net: NetName=RESET Pin=K1-2
Added Pin To Net: NetName=RESET Pin=R2-2
Added Pin To Net: NetName=RESET Pin=U1-14
Added Net: Name=RESET
Added Pin To Net: NetName=SWDIO Pin=U1-72
Added Net: Name=SWDIO
Added Pin To Net: NetName=USART4_RX Pin=U1-79
Added Net: Name=USART4_RX
Added Pin To Net: NetName=USART4_TX Pin=U1-78
Added Net: Name=USART4_TX
Added Pin To Net: NetName=VCC_3V3 Pin=C1-1
Added Pin To Net: NetName=VCC_3V3 Pin=C2-2
Added Pin To Net: NetName=VCC_3V3 Pin=C5-2
Added Pin To Net: NetName=VCC_3V3 Pin=C11-1
Added Pin To Net: NetName=VCC_3V3 Pin=L1-1
Added Pin To Net: NetName=VCC_3V3 Pin=R2-1
Added Pin To Net: NetName=VCC_3V3 Pin=U1-11
Added Pin To Net: NetName=VCC_3V3 Pin=U1-50
Added Pin To Net: NetName=VCC_3V3 Pin=U1-75
Added Pin To Net: NetName=VCC_3V3 Pin=U1-100
Added Net: Name=VCC_3V3
Added Class: Name=VET6_Coreboard
Added Room: Name=VET6_Coreboard
