Added Component: Designator=*(HDR2.54-M-LI-4P)
Added Component: Designator=*(HDR2.54-LI-4P)
Added Component: Designator=C1(C 0805)
Added Component: Designator=C2(C 0805)
Added Component: Designator=C3(C 0805)
Added Component: Designator=C4(C 0805)
Added Component: Designator=C5(C 0805)
Added Component: Designator=C6(C 0805)
Added Component: Designator=C7(C 0805)
Added Component: Designator=C8(C 0805)
Added Component: Designator=C9(C 0805)
Added Component: Designator=C10(C 0805)
Added Component: Designator=C11(C 0805)
Added Component: Designator=K1(KEY 3.6*2.5 SMD)
Added Component: Designator=U?(SOIC-8_L5.3-W5.3-P1.27-LS8.0-BL)
Added Component: Designator=U?(SOP-8_L4.9-W3.9-P1.27-LS6.0-BL)
Added Component: Designator=U?(USB-SMD_TYPE-C16PIN)
Added Component: Designator=U?(WIFIM-SMD_ESP32-WROOM-32D)
Added Pin To Net: NetName=GND_D Pin=*-1
Added Pin To Net: NetName=Net*_1 Pin=*-1
Added Pin To Net: NetName=SCREEN1_SCL Pin=*-2
Added Pin To Net: NetName=SWDIO Pin=*-2
Added Pin To Net: NetName=SCREEN1_SDA Pin=*-3
Added Pin To Net: NetName=SWCLK Pin=*-3
Added Pin To Net: NetName=GND_D Pin=*-4
Added Pin To Net: NetName=SWDIO Pin=*-4
Added Pin To Net: NetName=VCC_3V3 Pin=C1-1
Added Pin To Net: NetName=GND_D Pin=C1-2
Added Pin To Net: NetName=GND_D Pin=C2-1
Added Pin To Net: NetName=VCC_3V3 Pin=C2-2
Added Pin To Net: NetName=NetC3_1 Pin=C3-1
Added Pin To Net: NetName=GND_D Pin=C3-2
Added Pin To Net: NetName=NetC4_1 Pin=C4-1
Added Pin To Net: NetName=GND_D Pin=C4-2
Added Pin To Net: NetName=GND_D Pin=C5-1
Added Pin To Net: NetName=VCC_3V3 Pin=C5-2
Added Pin To Net: NetName=GND_D Pin=C6-1
Added Pin To Net: NetName=NetC6_2 Pin=C6-2
Added Pin To Net: NetName=NetC7_1 Pin=C7-1
Added Pin To Net: NetName=GND_D Pin=C7-2
Added Pin To Net: NetName=ANL_REF Pin=C8-1
Added Pin To Net: NetName=GND_A Pin=C8-2
Added Pin To Net: NetName=RESET Pin=C9-1
Added Pin To Net: NetName=GND_D Pin=C9-2
Added Pin To Net: NetName=NetC10_1 Pin=C10-1
Added Pin To Net: NetName=GND_D Pin=C10-2
Added Pin To Net: NetName=VCC_3V3 Pin=C11-1
Added Pin To Net: NetName=GND_D Pin=C11-2
Added Pin To Net: NetName=GND_D Pin=K1-1
Added Pin To Net: NetName=RESET Pin=K1-2
Added Member To Class: ClassName=VET6_Coreboard Member=Component * IIC显示屏
Added Member To Class: ClassName=VET6_Coreboard Member=Component * SWD
Added Member To Class: ClassName=VET6_Coreboard Member=Component C1 104
Added Member To Class: ClassName=VET6_Coreboard Member=Component C2 104
Added Member To Class: ClassName=VET6_Coreboard Member=Component C3 22pf
Added Member To Class: ClassName=VET6_Coreboard Member=Component C4 22pf
Added Member To Class: ClassName=VET6_Coreboard Member=Component C5 104
Added Member To Class: ClassName=VET6_Coreboard Member=Component C6 22pf
Added Member To Class: ClassName=VET6_Coreboard Member=Component C7 22pf
Added Member To Class: ClassName=VET6_Coreboard Member=Component C8 104
Added Member To Class: ClassName=VET6_Coreboard Member=Component C9 104
Added Member To Class: ClassName=VET6_Coreboard Member=Component C10 104
Added Member To Class: ClassName=VET6_Coreboard Member=Component C11 104
Added Member To Class: ClassName=VET6_Coreboard Member=Component K1 Key
Added Member To Class: ClassName=VET6_Coreboard Member=Component U? W25Q64FWSSIG
Added Member To Class: ClassName=VET6_Coreboard Member=Component U? CH340N
Added Member To Class: ClassName=VET6_Coreboard Member=Component U? TYPE-C16PIN母座 板上四脚三次molding
Added Member To Class: ClassName=VET6_Coreboard Member=Component U? ESP32-WROOM-32D
Added Room: Name=VET6_Coreboard
