Added Pin To Net: NetName=E_IO5 Pin=*1-4
Added Pin To Net: NetName=E_IO23 Pin=*1-4
Added Pin To Net: NetName=S_PB12 Pin=*1-4
Added Pin To Net: NetName=S_PB13 Pin=*1-4
Added Pin To Net: NetName=S_PB14 Pin=*1-4
Added Pin To Net: NetName=S_PB15 Pin=*1-4
Added Pin To Net: NetName=S_PD8 Pin=*1-4
Added Pin To Net: NetName=S_PD9 Pin=*1-4
Added Pin To Net: NetName=S_PD10 Pin=*1-4
Added Pin To Net: NetName=S_PD11 Pin=*1-4
Added Pin To Net: NetName=S_PD12 Pin=*1-4
Added Pin To Net: NetName=S_PD13 Pin=*1-4
Added Pin To Net: NetName=S_PD14 Pin=*1-4
Added Pin To Net: NetName=E_IO22 Pin=*1-5
Added Pin To Net: NetName=E_IO21 Pin=*1-6
Added Pin To Net: NetName=E_IO19 Pin=*1-7
Added Pin To Net: NetName=E_IO18 Pin=*1-8
Added Pin To Net: NetName=E_IO26 Pin=*3-4
Added Pin To Net: NetName=E_IO27 Pin=*3-4
Added Pin To Net: NetName=E_IO36 Pin=*3-4
Added Pin To Net: NetName=S_PA8 Pin=*3-4
Added Pin To Net: NetName=S_PA11 Pin=*3-4
Added Pin To Net: NetName=S_PA12 Pin=*3-4
Added Pin To Net: NetName=S_PC6 Pin=*3-4
Added Pin To Net: NetName=S_PC7 Pin=*3-4
Added Pin To Net: NetName=S_PC8 Pin=*3-4
Added Pin To Net: NetName=S_PC9 Pin=*3-4
Added Pin To Net: NetName=S_PC12 Pin=*3-4
Added Pin To Net: NetName=S_PD2 Pin=*3-4
Added Pin To Net: NetName=S_PD15 Pin=*3-4
Added Pin To Net: NetName=E_IO39 Pin=*3-5
Added Pin To Net: NetName=E_IO34 Pin=*3-6
Added Pin To Net: NetName=E_IO35 Pin=*3-7
Added Pin To Net: NetName=E_IO25 Pin=*3-8
Added Pin To Net: NetName=S_PB5 Pin=*5-4
Added Pin To Net: NetName=S_PB6 Pin=*5-4
Added Pin To Net: NetName=S_PB9 Pin=*5-4
Added Pin To Net: NetName=S_PD3 Pin=*5-4
Added Pin To Net: NetName=S_PD4 Pin=*5-4
Added Pin To Net: NetName=S_PD5 Pin=*5-4
Added Pin To Net: NetName=S_PD6 Pin=*5-4
Added Pin To Net: NetName=S_PD7 Pin=*5-4
Added Pin To Net: NetName=S_PE3 Pin=*5-4
Added Pin To Net: NetName=S_PE2 Pin=*5-5
Added Pin To Net: NetName=S_PE0 Pin=*5-6
Added Pin To Net: NetName=S_PE1 Pin=*5-7
Added Pin To Net: NetName=S_PB8 Pin=*5-8
Added Pin To Net: NetName=S_PB10 Pin=4-4
Added Pin To Net: NetName=S_PB11 Pin=4-4
Added Pin To Net: NetName=S_PC5 Pin=4-4
Added Pin To Net: NetName=S_PE10 Pin=4-4
Added Pin To Net: NetName=S_PE11 Pin=4-4
Added Pin To Net: NetName=S_PE12 Pin=4-4
Added Pin To Net: NetName=S_PE13 Pin=4-4
Added Pin To Net: NetName=S_PE14 Pin=4-4
Added Pin To Net: NetName=S_PE15 Pin=4-4
Added Pin To Net: NetName=S_PC4 Pin=4-5
Added Pin To Net: NetName=S_PB0 Pin=4-6
Added Pin To Net: NetName=S_PE8 Pin=4-7
Added Pin To Net: NetName=S_PE9 Pin=4-8
Added Room: Name=VET6_Coreboard
