Removed Pin From Net: NetName=VCC_5V Pin=?-1
Removed Pin From Net: NetName=VCC_3V3 Pin=?-2
Removed Pin From Net: NetName=GND_D Pin=?-3
Removed Pin From Net: NetName=E_IO39 Pin=?-5
Removed Pin From Net: NetName=E_IO34 Pin=?-6
Removed Pin From Net: NetName=E_IO35 Pin=?-7
Removed Pin From Net: NetName=E_IO25 Pin=?-8
Removed Pin From Net: NetName=E_IO26 Pin=?-9
Removed Pin From Net: NetName=E_IO27 Pin=?-10
Removed Pin From Net: NetName=S_PD15 Pin=?-11
Removed Pin From Net: NetName=S_PC6 Pin=?-12
Removed Pin From Net: NetName=S_PC7 Pin=?-13
Removed Pin From Net: NetName=S_PC8 Pin=?-14
Removed Pin From Net: NetName=S_PC9 Pin=?-15
Removed Pin From Net: NetName=S_PA8 Pin=?-16
Removed Pin From Net: NetName=S_PA11 Pin=?-17
Removed Pin From Net: NetName=S_PA12 Pin=?-18
Removed Pin From Net: NetName=S_PC12 Pin=?-19
Removed Pin From Net: NetName=S_PD2 Pin=?-20
Removed Member From Class: ClassName=VET6_Coreboard Member=?
Change Component Designator: OldDesignator=* NewDesignator=3
Change Component Designator: OldDesignator=* NewDesignator=4
Added Component: Designator=1*(HDR2.54-M-LI-20P)
Added Component: Designator=2(HDR2.54-M-LI-20P)
Added Pin To Net: NetName=VCC_5V Pin=1*-1
Added Pin To Net: NetName=VCC_3V3 Pin=1*-2
Added Pin To Net: NetName=GND_D Pin=1*-3
Added Pin To Net: NetName=E_IO23 Pin=1*-4
Added Pin To Net: NetName=E_IO22 Pin=1*-5
Added Pin To Net: NetName=E_IO21 Pin=1*-6
Added Pin To Net: NetName=E_IO19 Pin=1*-7
Added Pin To Net: NetName=E_IO18 Pin=1*-8
Added Pin To Net: NetName=E_IO5 Pin=1*-9
Added Pin To Net: NetName=S_PD14 Pin=1*-10
Added Pin To Net: NetName=S_PD13 Pin=1*-11
Added Pin To Net: NetName=S_PD12 Pin=1*-12
Added Pin To Net: NetName=S_PD11 Pin=1*-13
Added Pin To Net: NetName=S_PD10 Pin=1*-14
Added Pin To Net: NetName=S_PD9 Pin=1*-15
Added Pin To Net: NetName=S_PD8 Pin=1*-16
Added Pin To Net: NetName=S_PB15 Pin=1*-17
Added Pin To Net: NetName=S_PB14 Pin=1*-18
Added Pin To Net: NetName=S_PB13 Pin=1*-19
Added Pin To Net: NetName=S_PB12 Pin=1*-20
Added Pin To Net: NetName=VCC_5V Pin=2-1
Added Pin To Net: NetName=VCC_3V3 Pin=2-2
Added Pin To Net: NetName=GND_D Pin=2-3
Added Pin To Net: NetName=E_IO39 Pin=2-5
Added Pin To Net: NetName=E_IO34 Pin=2-6
Added Pin To Net: NetName=E_IO35 Pin=2-7
Added Pin To Net: NetName=E_IO25 Pin=2-8
Added Pin To Net: NetName=E_IO26 Pin=2-9
Added Pin To Net: NetName=E_IO27 Pin=2-10
Added Pin To Net: NetName=S_PD15 Pin=2-11
Added Pin To Net: NetName=S_PC6 Pin=2-12
Added Pin To Net: NetName=S_PC7 Pin=2-13
Added Pin To Net: NetName=S_PC8 Pin=2-14
Added Pin To Net: NetName=S_PC9 Pin=2-15
Added Pin To Net: NetName=S_PA8 Pin=2-16
Added Pin To Net: NetName=S_PA11 Pin=2-17
Added Pin To Net: NetName=S_PA12 Pin=2-18
Added Pin To Net: NetName=S_PC12 Pin=2-19
Added Pin To Net: NetName=S_PD2 Pin=2-20
Added Member To Class: ClassName=VET6_Coreboard Member=Component 1* ĸ1*20
Added Member To Class: ClassName=VET6_Coreboard Member=Component 2 ĸ1*20
Added Member To Class: ClassName=VET6_Coreboard Member=Component 3 ĸ1*16
Added Room: Name=VET6_Coreboard
