Removed Pin From Net: NetName=VCC_5V Pin=*1-1
Removed Pin From Net: NetName=VCC_3V3 Pin=*1-2
Removed Pin From Net: NetName=GND_D Pin=*1-3
Removed Pin From Net: NetName=S_PD13 Pin=*1-4
Removed Pin From Net: NetName=E_IO22 Pin=*1-5
Removed Pin From Net: NetName=E_IO21 Pin=*1-6
Removed Pin From Net: NetName=E_IO19 Pin=*1-7
Removed Pin From Net: NetName=E_IO18 Pin=*1-8
Removed Member From Class: ClassName=VET6_Coreboard Member=*1
Added Component: Designator=J?(HDR2.54-LI-20P)
Added Pin To Net: NetName=E_IO26 Pin=*3-4
Added Pin To Net: NetName=E_IO27 Pin=*3-4
Added Pin To Net: NetName=S_PA8 Pin=*3-4
Added Pin To Net: NetName=S_PA11 Pin=*3-4
Added Pin To Net: NetName=S_PA12 Pin=*3-4
Added Pin To Net: NetName=S_PC6 Pin=*3-4
Added Pin To Net: NetName=S_PC7 Pin=*3-4
Added Pin To Net: NetName=S_PC8 Pin=*3-4
Added Pin To Net: NetName=S_PC9 Pin=*3-4
Added Pin To Net: NetName=S_PC12 Pin=*3-4
Added Pin To Net: NetName=S_PD15 Pin=*3-4
Added Pin To Net: NetName=S_PB5 Pin=*5-4
Added Pin To Net: NetName=S_PB6 Pin=*5-4
Added Pin To Net: NetName=S_PB9 Pin=*5-4
Added Pin To Net: NetName=S_PD3 Pin=*5-4
Added Pin To Net: NetName=S_PD4 Pin=*5-4
Added Pin To Net: NetName=S_PD5 Pin=*5-4
Added Pin To Net: NetName=S_PD6 Pin=*5-4
Added Pin To Net: NetName=S_PE3 Pin=*5-4
Added Pin To Net: NetName=S_PB10 Pin=4-4
Added Pin To Net: NetName=S_PB11 Pin=4-4
Added Pin To Net: NetName=S_PC5 Pin=4-4
Added Pin To Net: NetName=S_PE10 Pin=4-4
Added Pin To Net: NetName=S_PE11 Pin=4-4
Added Pin To Net: NetName=S_PE12 Pin=4-4
Added Pin To Net: NetName=S_PE13 Pin=4-4
Added Pin To Net: NetName=S_PE15 Pin=4-4
Added Pin To Net: NetName=VCC_5V Pin=J?-1
Added Pin To Net: NetName=VCC_3V3 Pin=J?-2
Added Pin To Net: NetName=GND_D Pin=J?-3
Added Pin To Net: NetName=E_IO23 Pin=J?-4
Added Pin To Net: NetName=E_IO22 Pin=J?-5
Added Pin To Net: NetName=E_IO21 Pin=J?-6
Added Pin To Net: NetName=E_IO19 Pin=J?-7
Added Pin To Net: NetName=E_IO18 Pin=J?-8
Added Pin To Net: NetName=E_IO5 Pin=J?-9
Added Pin To Net: NetName=S_PD14 Pin=J?-10
Added Pin To Net: NetName=S_PD13 Pin=J?-11
Added Pin To Net: NetName=S_PD12 Pin=J?-12
Added Pin To Net: NetName=S_PD11 Pin=J?-13
Added Pin To Net: NetName=S_PD10 Pin=J?-14
Added Pin To Net: NetName=S_PD9 Pin=J?-15
Added Pin To Net: NetName=S_PD8 Pin=J?-16
Added Pin To Net: NetName=S_PB15 Pin=J?-17
Added Pin To Net: NetName=S_PB14 Pin=J?-18
Added Pin To Net: NetName=S_PB13 Pin=J?-19
Added Pin To Net: NetName=S_PB12 Pin=J?-20
Added Member To Class: ClassName=VET6_Coreboard Member=Component J? 2.54-1*20P÷±’Î
Added Room: Name=VET6_Coreboard
